c:\users\austi\source\repos\openglsample\openglsample\openglsample\openglsample\debug\vc142.pdb
c:\users\austi\source\repos\openglsample\openglsample\openglsample\openglsample\debug\vc142.idb
c:\users\austi\source\repos\openglsample\openglsample\openglsample\openglsample\debug\vertexbufferobject.obj
c:\users\austi\source\repos\openglsample\openglsample\openglsample\openglsample\debug\vboindexer.obj
c:\users\austi\source\repos\openglsample\openglsample\openglsample\openglsample\debug\texture.obj
c:\users\austi\source\repos\openglsample\openglsample\openglsample\openglsample\debug\staticmeshindexed3d.obj
c:\users\austi\source\repos\openglsample\openglsample\openglsample\openglsample\debug\staticmesh3d.obj
c:\users\austi\source\repos\openglsample\openglsample\openglsample\openglsample\debug\source.obj
c:\users\austi\source\repos\openglsample\openglsample\openglsample\openglsample\debug\shapegenerator.obj
c:\users\austi\source\repos\openglsample\openglsample\openglsample\openglsample\debug\shader.obj
c:\users\austi\source\repos\openglsample\openglsample\openglsample\openglsample\debug\cylinder.obj
c:\users\austi\source\repos\openglsample\openglsample\openglsample\openglsample\debug\glad.obj
c:\users\austi\source\repos\openglsample\openglsample\openglsample\debug\openglsample.exe
c:\users\austi\source\repos\openglsample\openglsample\openglsample\openglsample\debug\openglsample.ilk
c:\users\austi\source\repos\openglsample\openglsample\openglsample\debug\openglsample.pdb
c:\users\austi\source\repos\openglsample\openglsample\openglsample\openglsample\debug\source.obj.enc
c:\users\austi\source\repos\openglsample\openglsample\openglsample\openglsample\debug\openglsample.tlog\cl.command.1.tlog
c:\users\austi\source\repos\openglsample\openglsample\openglsample\openglsample\debug\openglsample.tlog\cl.read.1.tlog
c:\users\austi\source\repos\openglsample\openglsample\openglsample\openglsample\debug\openglsample.tlog\cl.write.1.tlog
c:\users\austi\source\repos\openglsample\openglsample\openglsample\openglsample\debug\openglsample.tlog\link.command.1.tlog
c:\users\austi\source\repos\openglsample\openglsample\openglsample\openglsample\debug\openglsample.tlog\link.read.1.tlog
c:\users\austi\source\repos\openglsample\openglsample\openglsample\openglsample\debug\openglsample.tlog\link.write.1.tlog
